2019-09-07 16:50:38.406 [restartedMain] INFO  com.spaco.streaminput.StreamInputApplication - No active profile set, falling back to default profiles: default
2019-09-07 16:50:39.038 [restartedMain] INFO  o.springframework.cloud.context.scope.GenericScope - BeanFactory id=de89e7f2-6d6c-3163-aacf-077f321dfaec
2019-09-07 16:50:39.042 [restartedMain] INFO  o.s.i.c.DefaultConfiguringBeanFactoryPostProcessor - No bean named 'errorChannel' has been explicitly defined. Therefore, a default PublishSubscribeChannel will be created.
2019-09-07 16:50:39.045 [restartedMain] INFO  o.s.i.c.DefaultConfiguringBeanFactoryPostProcessor - No bean named 'taskScheduler' has been explicitly defined. Therefore, a default ThreadPoolTaskScheduler will be created.
2019-09-07 16:50:39.047 [restartedMain] INFO  o.s.i.c.DefaultConfiguringBeanFactoryPostProcessor - No bean named 'integrationHeaderChannelRegistry' has been explicitly defined. Therefore, a default DefaultHeaderChannelRegistry will be created.
2019-09-07 16:50:39.073 [restartedMain] INFO  o.s.c.s.PostProcessorRegistrationDelegate$BeanPostProcessorChecker - Bean 'org.springframework.kafka.annotation.KafkaBootstrapConfiguration' of type [org.springframework.kafka.annotation.KafkaBootstrapConfiguration$$EnhancerBySpringCGLIB$$8844fc4e] is not eligible for getting processed by all BeanPostProcessors (for example: not eligible for auto-proxying)
2019-09-07 16:50:39.079 [restartedMain] INFO  o.s.c.s.PostProcessorRegistrationDelegate$BeanPostProcessorChecker - Bean 'integrationDisposableAutoCreatedBeans' of type [org.springframework.integration.config.annotation.Disposables] is not eligible for getting processed by all BeanPostProcessors (for example: not eligible for auto-proxying)
2019-09-07 16:50:39.086 [restartedMain] INFO  o.s.c.s.PostProcessorRegistrationDelegate$BeanPostProcessorChecker - Bean 'org.springframework.transaction.annotation.ProxyTransactionManagementConfiguration' of type [org.springframework.transaction.annotation.ProxyTransactionManagementConfiguration$$EnhancerBySpringCGLIB$$b492eacb] is not eligible for getting processed by all BeanPostProcessors (for example: not eligible for auto-proxying)
2019-09-07 16:50:39.105 [restartedMain] INFO  o.s.c.s.PostProcessorRegistrationDelegate$BeanPostProcessorChecker - Bean 'org.springframework.integration.config.IntegrationManagementConfiguration' of type [org.springframework.integration.config.IntegrationManagementConfiguration$$EnhancerBySpringCGLIB$$1f84a5fa] is not eligible for getting processed by all BeanPostProcessors (for example: not eligible for auto-proxying)
2019-09-07 16:50:39.109 [restartedMain] INFO  o.s.c.s.PostProcessorRegistrationDelegate$BeanPostProcessorChecker - Bean 'org.springframework.boot.autoconfigure.integration.IntegrationAutoConfiguration$IntegrationJmxConfiguration' of type [org.springframework.boot.autoconfigure.integration.IntegrationAutoConfiguration$IntegrationJmxConfiguration$$EnhancerBySpringCGLIB$$fb16b11a] is not eligible for getting processed by all BeanPostProcessors (for example: not eligible for auto-proxying)
2019-09-07 16:50:39.113 [restartedMain] INFO  o.s.c.s.PostProcessorRegistrationDelegate$BeanPostProcessorChecker - Bean 'org.springframework.boot.autoconfigure.jmx.JmxAutoConfiguration' of type [org.springframework.boot.autoconfigure.jmx.JmxAutoConfiguration$$EnhancerBySpringCGLIB$$33fe59e7] is not eligible for getting processed by all BeanPostProcessors (for example: not eligible for auto-proxying)
2019-09-07 16:50:39.115 [restartedMain] INFO  o.s.c.s.PostProcessorRegistrationDelegate$BeanPostProcessorChecker - Bean 'mbeanServer' of type [com.sun.jmx.mbeanserver.JmxMBeanServer] is not eligible for getting processed by all BeanPostProcessors (for example: not eligible for auto-proxying)
2019-09-07 16:50:39.126 [restartedMain] INFO  o.s.c.s.PostProcessorRegistrationDelegate$BeanPostProcessorChecker - Bean 'org.springframework.cloud.autoconfigure.ConfigurationPropertiesRebinderAutoConfiguration' of type [org.springframework.cloud.autoconfigure.ConfigurationPropertiesRebinderAutoConfiguration$$EnhancerBySpringCGLIB$$d0acedc8] is not eligible for getting processed by all BeanPostProcessors (for example: not eligible for auto-proxying)
2019-09-07 16:50:39.290 [restartedMain] INFO  o.s.boot.web.embedded.tomcat.TomcatWebServer - Tomcat initialized with port(s): 8086 (http)
2019-09-07 16:50:39.303 [restartedMain] INFO  org.apache.catalina.core.StandardService - Starting service [Tomcat]
2019-09-07 16:50:39.303 [restartedMain] INFO  org.apache.catalina.core.StandardEngine - Starting Servlet engine: [Apache Tomcat/9.0.22]
2019-09-07 16:50:39.359 [restartedMain] INFO  o.a.c.core.ContainerBase.[Tomcat].[localhost].[/] - Initializing Spring embedded WebApplicationContext
2019-09-07 16:50:39.359 [restartedMain] INFO  org.springframework.web.context.ContextLoader - Root WebApplicationContext: initialization completed in 948 ms
2019-09-07 16:50:39.651 [restartedMain] INFO  o.s.scheduling.concurrent.ThreadPoolTaskScheduler - Initializing ExecutorService 'taskScheduler'
2019-09-07 16:50:39.934 [restartedMain] INFO  o.s.scheduling.concurrent.ThreadPoolTaskExecutor - Initializing ExecutorService 'applicationTaskExecutor'
2019-09-07 16:50:40.213 [restartedMain] WARN  o.s.b.d.autoconfigure.OptionalLiveReloadServer - Unable to start LiveReload server
2019-09-07 16:50:40.260 [restartedMain] INFO  o.s.cloud.function.web.mvc.FunctionHandlerMapping - FunctionCatalog: org.springframework.cloud.function.context.config.ContextFunctionCatalogAutoConfiguration$BeanFactoryFunctionCatalog@5cfd0ff
2019-09-07 16:50:40.303 [restartedMain] INFO  o.s.b.actuate.endpoint.web.EndpointLinksResolver - Exposing 2 endpoint(s) beneath base path '/actuator'
2019-09-07 16:50:40.352 [restartedMain] INFO  o.s.c.stream.messaging.DirectWithAttributesChannel - Channel 'application-1.refuel' has 1 subscriber(s).
2019-09-07 16:50:40.408 [restartedMain] INFO  o.s.integration.monitor.IntegrationMBeanExporter - Registering MessageChannel nullChannel
2019-09-07 16:50:40.417 [restartedMain] INFO  o.s.integration.monitor.IntegrationMBeanExporter - Registering MessageChannel errorChannel
2019-09-07 16:50:40.450 [restartedMain] INFO  o.s.integration.monitor.IntegrationMBeanExporter - Registering MessageChannel refuel
2019-09-07 16:50:40.469 [restartedMain] INFO  o.s.integration.monitor.IntegrationMBeanExporter - Registering MessageHandler errorLogger
2019-09-07 16:50:40.479 [restartedMain] INFO  o.s.integration.monitor.IntegrationMBeanExporter - Registering MessageHandler org.springframework.cloud.stream.binding.StreamListenerMessageHandler@62b06e7f
2019-09-07 16:50:40.524 [restartedMain] INFO  o.s.integration.endpoint.EventDrivenConsumer - Adding {logging-channel-adapter:_org.springframework.integration.errorLogger} as a subscriber to the 'errorChannel' channel
2019-09-07 16:50:40.524 [restartedMain] INFO  o.s.integration.channel.PublishSubscribeChannel - Channel 'application-1.errorChannel' has 1 subscriber(s).
2019-09-07 16:50:40.524 [restartedMain] INFO  o.s.integration.endpoint.EventDrivenConsumer - started _org.springframework.integration.errorLogger
2019-09-07 16:51:20.825 [restartedMain] INFO  org.apache.kafka.clients.admin.AdminClientConfig - AdminClientConfig values: 
	bootstrap.servers = [localhost:9092]
	client.id = 
	connections.max.idle.ms = 300000
	metadata.max.age.ms = 300000
	metric.reporters = []
	metrics.num.samples = 2
	metrics.recording.level = INFO
	metrics.sample.window.ms = 30000
	receive.buffer.bytes = 65536
	reconnect.backoff.max.ms = 1000
	reconnect.backoff.ms = 50
	request.timeout.ms = 120000
	retries = 5
	retry.backoff.ms = 100
	sasl.client.callback.handler.class = null
	sasl.jaas.config = null
	sasl.kerberos.kinit.cmd = /usr/bin/kinit
	sasl.kerberos.min.time.before.relogin = 60000
	sasl.kerberos.service.name = null
	sasl.kerberos.ticket.renew.jitter = 0.05
	sasl.kerberos.ticket.renew.window.factor = 0.8
	sasl.login.callback.handler.class = null
	sasl.login.class = null
	sasl.login.refresh.buffer.seconds = 300
	sasl.login.refresh.min.period.seconds = 60
	sasl.login.refresh.window.factor = 0.8
	sasl.login.refresh.window.jitter = 0.05
	sasl.mechanism = GSSAPI
	security.protocol = PLAINTEXT
	send.buffer.bytes = 131072
	ssl.cipher.suites = null
	ssl.enabled.protocols = [TLSv1.2, TLSv1.1, TLSv1]
	ssl.endpoint.identification.algorithm = https
	ssl.key.password = null
	ssl.keymanager.algorithm = SunX509
	ssl.keystore.location = null
	ssl.keystore.password = null
	ssl.keystore.type = JKS
	ssl.protocol = TLS
	ssl.provider = null
	ssl.secure.random.implementation = null
	ssl.trustmanager.algorithm = PKIX
	ssl.truststore.location = null
	ssl.truststore.password = null
	ssl.truststore.type = JKS

2019-09-07 16:51:20.846 [restartedMain] INFO  org.apache.kafka.common.utils.AppInfoParser - Kafka version : 2.0.1
2019-09-07 16:51:20.846 [restartedMain] INFO  org.apache.kafka.common.utils.AppInfoParser - Kafka commitId : fa14705e51bd2ce5
2019-09-07 16:51:20.938 [restartedMain] INFO  org.apache.kafka.clients.consumer.ConsumerConfig - ConsumerConfig values: 
	auto.commit.interval.ms = 100
	auto.offset.reset = latest
	bootstrap.servers = [localhost:9092]
	check.crcs = true
	client.id = 
	connections.max.idle.ms = 540000
	default.api.timeout.ms = 60000
	enable.auto.commit = false
	exclude.internal.topics = true
	fetch.max.bytes = 52428800
	fetch.max.wait.ms = 500
	fetch.min.bytes = 1
	group.id = anonymous.746898ff-0b6c-4ea5-8424-bf6bc85dbf07
	heartbeat.interval.ms = 3000
	interceptor.classes = []
	internal.leave.group.on.close = true
	isolation.level = read_uncommitted
	key.deserializer = class org.apache.kafka.common.serialization.ByteArrayDeserializer
	max.partition.fetch.bytes = 1048576
	max.poll.interval.ms = 300000
	max.poll.records = 500
	metadata.max.age.ms = 300000
	metric.reporters = []
	metrics.num.samples = 2
	metrics.recording.level = INFO
	metrics.sample.window.ms = 30000
	partition.assignment.strategy = [class org.apache.kafka.clients.consumer.RangeAssignor]
	receive.buffer.bytes = 65536
	reconnect.backoff.max.ms = 1000
	reconnect.backoff.ms = 50
	request.timeout.ms = 30000
	retry.backoff.ms = 100
	sasl.client.callback.handler.class = null
	sasl.jaas.config = null
	sasl.kerberos.kinit.cmd = /usr/bin/kinit
	sasl.kerberos.min.time.before.relogin = 60000
	sasl.kerberos.service.name = null
	sasl.kerberos.ticket.renew.jitter = 0.05
	sasl.kerberos.ticket.renew.window.factor = 0.8
	sasl.login.callback.handler.class = null
	sasl.login.class = null
	sasl.login.refresh.buffer.seconds = 300
	sasl.login.refresh.min.period.seconds = 60
	sasl.login.refresh.window.factor = 0.8
	sasl.login.refresh.window.jitter = 0.05
	sasl.mechanism = GSSAPI
	security.protocol = PLAINTEXT
	send.buffer.bytes = 131072
	session.timeout.ms = 10000
	ssl.cipher.suites = null
	ssl.enabled.protocols = [TLSv1.2, TLSv1.1, TLSv1]
	ssl.endpoint.identification.algorithm = https
	ssl.key.password = null
	ssl.keymanager.algorithm = SunX509
	ssl.keystore.location = null
	ssl.keystore.password = null
	ssl.keystore.type = JKS
	ssl.protocol = TLS
	ssl.provider = null
	ssl.secure.random.implementation = null
	ssl.trustmanager.algorithm = PKIX
	ssl.truststore.location = null
	ssl.truststore.password = null
	ssl.truststore.type = JKS
	value.deserializer = class org.apache.kafka.common.serialization.ByteArrayDeserializer

2019-09-07 16:51:20.956 [restartedMain] INFO  org.apache.kafka.common.utils.AppInfoParser - Kafka version : 2.0.1
2019-09-07 16:51:20.956 [restartedMain] INFO  org.apache.kafka.common.utils.AppInfoParser - Kafka commitId : fa14705e51bd2ce5
2019-09-07 16:51:20.961 [restartedMain] INFO  org.apache.kafka.clients.Metadata - Cluster ID: JwZNaOm7TVq4n0EqvmmRDw
2019-09-07 16:51:20.978 [restartedMain] INFO  o.s.integration.monitor.IntegrationMBeanExporter - Registering MessageChannel destination-demo.anonymous.746898ff-0b6c-4ea5-8424-bf6bc85dbf07.errors
2019-09-07 16:51:20.993 [restartedMain] INFO  o.s.cloud.stream.binder.BinderErrorChannel - Channel 'application-1.destination-demo.anonymous.746898ff-0b6c-4ea5-8424-bf6bc85dbf07.errors' has 1 subscriber(s).
2019-09-07 16:51:20.993 [restartedMain] INFO  o.s.cloud.stream.binder.BinderErrorChannel - Channel 'application-1.destination-demo.anonymous.746898ff-0b6c-4ea5-8424-bf6bc85dbf07.errors' has 0 subscriber(s).
2019-09-07 16:51:20.993 [restartedMain] INFO  o.s.cloud.stream.binder.BinderErrorChannel - Channel 'application-1.destination-demo.anonymous.746898ff-0b6c-4ea5-8424-bf6bc85dbf07.errors' has 1 subscriber(s).
2019-09-07 16:51:20.993 [restartedMain] INFO  o.s.cloud.stream.binder.BinderErrorChannel - Channel 'application-1.destination-demo.anonymous.746898ff-0b6c-4ea5-8424-bf6bc85dbf07.errors' has 2 subscriber(s).
2019-09-07 16:51:20.999 [restartedMain] INFO  org.apache.kafka.clients.consumer.ConsumerConfig - ConsumerConfig values: 
	auto.commit.interval.ms = 100
	auto.offset.reset = latest
	bootstrap.servers = [localhost:9092]
	check.crcs = true
	client.id = 
	connections.max.idle.ms = 540000
	default.api.timeout.ms = 60000
	enable.auto.commit = false
	exclude.internal.topics = true
	fetch.max.bytes = 52428800
	fetch.max.wait.ms = 500
	fetch.min.bytes = 1
	group.id = anonymous.746898ff-0b6c-4ea5-8424-bf6bc85dbf07
	heartbeat.interval.ms = 3000
	interceptor.classes = []
	internal.leave.group.on.close = true
	isolation.level = read_uncommitted
	key.deserializer = class org.apache.kafka.common.serialization.ByteArrayDeserializer
	max.partition.fetch.bytes = 1048576
	max.poll.interval.ms = 300000
	max.poll.records = 500
	metadata.max.age.ms = 300000
	metric.reporters = []
	metrics.num.samples = 2
	metrics.recording.level = INFO
	metrics.sample.window.ms = 30000
	partition.assignment.strategy = [class org.apache.kafka.clients.consumer.RangeAssignor]
	receive.buffer.bytes = 65536
	reconnect.backoff.max.ms = 1000
	reconnect.backoff.ms = 50
	request.timeout.ms = 30000
	retry.backoff.ms = 100
	sasl.client.callback.handler.class = null
	sasl.jaas.config = null
	sasl.kerberos.kinit.cmd = /usr/bin/kinit
	sasl.kerberos.min.time.before.relogin = 60000
	sasl.kerberos.service.name = null
	sasl.kerberos.ticket.renew.jitter = 0.05
	sasl.kerberos.ticket.renew.window.factor = 0.8
	sasl.login.callback.handler.class = null
	sasl.login.class = null
	sasl.login.refresh.buffer.seconds = 300
	sasl.login.refresh.min.period.seconds = 60
	sasl.login.refresh.window.factor = 0.8
	sasl.login.refresh.window.jitter = 0.05
	sasl.mechanism = GSSAPI
	security.protocol = PLAINTEXT
	send.buffer.bytes = 131072
	session.timeout.ms = 10000
	ssl.cipher.suites = null
	ssl.enabled.protocols = [TLSv1.2, TLSv1.1, TLSv1]
	ssl.endpoint.identification.algorithm = https
	ssl.key.password = null
	ssl.keymanager.algorithm = SunX509
	ssl.keystore.location = null
	ssl.keystore.password = null
	ssl.keystore.type = JKS
	ssl.protocol = TLS
	ssl.provider = null
	ssl.secure.random.implementation = null
	ssl.trustmanager.algorithm = PKIX
	ssl.truststore.location = null
	ssl.truststore.password = null
	ssl.truststore.type = JKS
	value.deserializer = class org.apache.kafka.common.serialization.ByteArrayDeserializer

2019-09-07 16:51:21.004 [restartedMain] INFO  org.apache.kafka.common.utils.AppInfoParser - Kafka version : 2.0.1
2019-09-07 16:51:21.004 [restartedMain] INFO  org.apache.kafka.common.utils.AppInfoParser - Kafka commitId : fa14705e51bd2ce5
2019-09-07 16:51:21.007 [restartedMain] INFO  org.apache.kafka.clients.Metadata - Cluster ID: JwZNaOm7TVq4n0EqvmmRDw
2019-09-07 16:51:21.013 [restartedMain] INFO  org.apache.kafka.clients.consumer.ConsumerConfig - ConsumerConfig values: 
	auto.commit.interval.ms = 100
	auto.offset.reset = latest
	bootstrap.servers = [localhost:9092]
	check.crcs = true
	client.id = 
	connections.max.idle.ms = 540000
	default.api.timeout.ms = 60000
	enable.auto.commit = false
	exclude.internal.topics = true
	fetch.max.bytes = 52428800
	fetch.max.wait.ms = 500
	fetch.min.bytes = 1
	group.id = anonymous.746898ff-0b6c-4ea5-8424-bf6bc85dbf07
	heartbeat.interval.ms = 3000
	interceptor.classes = []
	internal.leave.group.on.close = true
	isolation.level = read_uncommitted
	key.deserializer = class org.apache.kafka.common.serialization.ByteArrayDeserializer
	max.partition.fetch.bytes = 1048576
	max.poll.interval.ms = 300000
	max.poll.records = 500
	metadata.max.age.ms = 300000
	metric.reporters = []
	metrics.num.samples = 2
	metrics.recording.level = INFO
	metrics.sample.window.ms = 30000
	partition.assignment.strategy = [class org.apache.kafka.clients.consumer.RangeAssignor]
	receive.buffer.bytes = 65536
	reconnect.backoff.max.ms = 1000
	reconnect.backoff.ms = 50
	request.timeout.ms = 30000
	retry.backoff.ms = 100
	sasl.client.callback.handler.class = null
	sasl.jaas.config = null
	sasl.kerberos.kinit.cmd = /usr/bin/kinit
	sasl.kerberos.min.time.before.relogin = 60000
	sasl.kerberos.service.name = null
	sasl.kerberos.ticket.renew.jitter = 0.05
	sasl.kerberos.ticket.renew.window.factor = 0.8
	sasl.login.callback.handler.class = null
	sasl.login.class = null
	sasl.login.refresh.buffer.seconds = 300
	sasl.login.refresh.min.period.seconds = 60
	sasl.login.refresh.window.factor = 0.8
	sasl.login.refresh.window.jitter = 0.05
	sasl.mechanism = GSSAPI
	security.protocol = PLAINTEXT
	send.buffer.bytes = 131072
	session.timeout.ms = 10000
	ssl.cipher.suites = null
	ssl.enabled.protocols = [TLSv1.2, TLSv1.1, TLSv1]
	ssl.endpoint.identification.algorithm = https
	ssl.key.password = null
	ssl.keymanager.algorithm = SunX509
	ssl.keystore.location = null
	ssl.keystore.password = null
	ssl.keystore.type = JKS
	ssl.protocol = TLS
	ssl.provider = null
	ssl.secure.random.implementation = null
	ssl.trustmanager.algorithm = PKIX
	ssl.truststore.location = null
	ssl.truststore.password = null
	ssl.truststore.type = JKS
	value.deserializer = class org.apache.kafka.common.serialization.ByteArrayDeserializer

2019-09-07 16:51:21.017 [restartedMain] INFO  org.apache.kafka.common.utils.AppInfoParser - Kafka version : 2.0.1
2019-09-07 16:51:21.017 [restartedMain] INFO  org.apache.kafka.common.utils.AppInfoParser - Kafka commitId : fa14705e51bd2ce5
2019-09-07 16:51:21.018 [restartedMain] INFO  o.s.scheduling.concurrent.ThreadPoolTaskScheduler - Initializing ExecutorService
2019-09-07 16:51:21.020 [restartedMain] INFO  o.s.i.k.inbound.KafkaMessageDrivenChannelAdapter - started org.springframework.integration.kafka.inbound.KafkaMessageDrivenChannelAdapter@2a00188
2019-09-07 16:51:21.024 [[Ljava.lang.String;@580931e0.container-0-C-1] INFO  org.apache.kafka.clients.Metadata - Cluster ID: JwZNaOm7TVq4n0EqvmmRDw
2019-09-07 16:51:21.025 [[Ljava.lang.String;@580931e0.container-0-C-1] INFO  o.a.k.c.consumer.internals.AbstractCoordinator - [Consumer clientId=consumer-3, groupId=anonymous.746898ff-0b6c-4ea5-8424-bf6bc85dbf07] Discovered group coordinator 192.168.10.39:9092 (id: 2147482646 rack: null)
2019-09-07 16:51:21.026 [[Ljava.lang.String;@580931e0.container-0-C-1] INFO  o.a.k.c.consumer.internals.ConsumerCoordinator - [Consumer clientId=consumer-3, groupId=anonymous.746898ff-0b6c-4ea5-8424-bf6bc85dbf07] Revoking previously assigned partitions []
2019-09-07 16:51:21.026 [[Ljava.lang.String;@580931e0.container-0-C-1] INFO  o.s.c.s.binder.kafka.KafkaMessageChannelBinder$1 - partitions revoked: []
2019-09-07 16:51:21.026 [[Ljava.lang.String;@580931e0.container-0-C-1] INFO  o.a.k.c.consumer.internals.AbstractCoordinator - [Consumer clientId=consumer-3, groupId=anonymous.746898ff-0b6c-4ea5-8424-bf6bc85dbf07] (Re-)joining group
2019-09-07 16:51:21.034 [[Ljava.lang.String;@580931e0.container-0-C-1] INFO  o.a.k.c.consumer.internals.AbstractCoordinator - [Consumer clientId=consumer-3, groupId=anonymous.746898ff-0b6c-4ea5-8424-bf6bc85dbf07] Successfully joined group with generation 1
2019-09-07 16:51:21.035 [[Ljava.lang.String;@580931e0.container-0-C-1] INFO  o.a.k.c.consumer.internals.ConsumerCoordinator - [Consumer clientId=consumer-3, groupId=anonymous.746898ff-0b6c-4ea5-8424-bf6bc85dbf07] Setting newly assigned partitions [destination-demo-0]
2019-09-07 16:51:21.042 [[Ljava.lang.String;@580931e0.container-0-C-1] INFO  o.apache.kafka.clients.consumer.internals.Fetcher - [Consumer clientId=consumer-3, groupId=anonymous.746898ff-0b6c-4ea5-8424-bf6bc85dbf07] Resetting offset for partition destination-demo-0 to offset 28.
2019-09-07 16:51:21.045 [[Ljava.lang.String;@580931e0.container-0-C-1] INFO  o.s.c.s.binder.kafka.KafkaMessageChannelBinder$1 - partitions assigned: [destination-demo-0]
2019-09-07 16:51:21.049 [restartedMain] INFO  o.s.boot.web.embedded.tomcat.TomcatWebServer - Tomcat started on port(s): 8086 (http) with context path ''
2019-09-07 16:51:21.051 [restartedMain] INFO  com.spaco.streaminput.StreamInputApplication - Started StreamInputApplication in 58.092 seconds (JVM running for 63.508)
2019-09-07 16:51:21.375 [pool-1-thread-1] INFO  org.apache.kafka.clients.consumer.ConsumerConfig - ConsumerConfig values: 
	auto.commit.interval.ms = 5000
	auto.offset.reset = latest
	bootstrap.servers = [localhost:9092]
	check.crcs = true
	client.id = 
	connections.max.idle.ms = 540000
	default.api.timeout.ms = 60000
	enable.auto.commit = true
	exclude.internal.topics = true
	fetch.max.bytes = 52428800
	fetch.max.wait.ms = 500
	fetch.min.bytes = 1
	group.id = 
	heartbeat.interval.ms = 3000
	interceptor.classes = []
	internal.leave.group.on.close = true
	isolation.level = read_uncommitted
	key.deserializer = class org.apache.kafka.common.serialization.ByteArrayDeserializer
	max.partition.fetch.bytes = 1048576
	max.poll.interval.ms = 300000
	max.poll.records = 500
	metadata.max.age.ms = 300000
	metric.reporters = []
	metrics.num.samples = 2
	metrics.recording.level = INFO
	metrics.sample.window.ms = 30000
	partition.assignment.strategy = [class org.apache.kafka.clients.consumer.RangeAssignor]
	receive.buffer.bytes = 65536
	reconnect.backoff.max.ms = 1000
	reconnect.backoff.ms = 50
	request.timeout.ms = 30000
	retry.backoff.ms = 100
	sasl.client.callback.handler.class = null
	sasl.jaas.config = null
	sasl.kerberos.kinit.cmd = /usr/bin/kinit
	sasl.kerberos.min.time.before.relogin = 60000
	sasl.kerberos.service.name = null
	sasl.kerberos.ticket.renew.jitter = 0.05
	sasl.kerberos.ticket.renew.window.factor = 0.8
	sasl.login.callback.handler.class = null
	sasl.login.class = null
	sasl.login.refresh.buffer.seconds = 300
	sasl.login.refresh.min.period.seconds = 60
	sasl.login.refresh.window.factor = 0.8
	sasl.login.refresh.window.jitter = 0.05
	sasl.mechanism = GSSAPI
	security.protocol = PLAINTEXT
	send.buffer.bytes = 131072
	session.timeout.ms = 10000
	ssl.cipher.suites = null
	ssl.enabled.protocols = [TLSv1.2, TLSv1.1, TLSv1]
	ssl.endpoint.identification.algorithm = https
	ssl.key.password = null
	ssl.keymanager.algorithm = SunX509
	ssl.keystore.location = null
	ssl.keystore.password = null
	ssl.keystore.type = JKS
	ssl.protocol = TLS
	ssl.provider = null
	ssl.secure.random.implementation = null
	ssl.trustmanager.algorithm = PKIX
	ssl.truststore.location = null
	ssl.truststore.password = null
	ssl.truststore.type = JKS
	value.deserializer = class org.apache.kafka.common.serialization.ByteArrayDeserializer

2019-09-07 16:51:21.378 [RMI TCP Connection(11)-192.168.10.39] INFO  o.a.c.core.ContainerBase.[Tomcat].[localhost].[/] - Initializing Spring DispatcherServlet 'dispatcherServlet'
2019-09-07 16:51:21.378 [RMI TCP Connection(11)-192.168.10.39] INFO  org.springframework.web.servlet.DispatcherServlet - Initializing Servlet 'dispatcherServlet'
2019-09-07 16:51:21.380 [pool-1-thread-1] INFO  org.apache.kafka.common.utils.AppInfoParser - Kafka version : 2.0.1
2019-09-07 16:51:21.381 [pool-1-thread-1] INFO  org.apache.kafka.common.utils.AppInfoParser - Kafka commitId : fa14705e51bd2ce5
2019-09-07 16:51:21.384 [pool-1-thread-1] INFO  org.apache.kafka.clients.Metadata - Cluster ID: JwZNaOm7TVq4n0EqvmmRDw
2019-09-07 16:51:21.387 [RMI TCP Connection(11)-192.168.10.39] INFO  org.springframework.web.servlet.DispatcherServlet - Completed initialization in 9 ms
2019-09-07 17:03:26.703 [[Ljava.lang.String;@580931e0.container-0-C-1] ERROR com.spaco.streaminput.consumer.RefuelConsumer - received message: RefuelMessage(phone=17626041117, email=1216062928@qq.com)
2019-09-07 17:06:04.219 [[Ljava.lang.String;@580931e0.container-0-C-1] INFO  o.s.scheduling.concurrent.ThreadPoolTaskScheduler - Shutting down ExecutorService
2019-09-07 17:06:04.226 [[Ljava.lang.String;@580931e0.container-0-C-1] INFO  o.s.k.l.KafkaMessageListenerContainer$ListenerConsumer - Consumer stopped
2019-09-07 17:06:04.227 [Thread-2] INFO  o.s.i.k.inbound.KafkaMessageDrivenChannelAdapter - stopped org.springframework.integration.kafka.inbound.KafkaMessageDrivenChannelAdapter@2a00188
2019-09-07 17:06:04.228 [Thread-2] INFO  o.s.integration.endpoint.EventDrivenConsumer - Removing {logging-channel-adapter:_org.springframework.integration.errorLogger} as a subscriber to the 'errorChannel' channel
2019-09-07 17:06:04.228 [Thread-2] INFO  o.s.integration.channel.PublishSubscribeChannel - Channel 'application-1.errorChannel' has 0 subscriber(s).
2019-09-07 17:06:04.228 [Thread-2] INFO  o.s.integration.endpoint.EventDrivenConsumer - stopped _org.springframework.integration.errorLogger
2019-09-07 17:06:04.232 [Thread-2] INFO  o.s.scheduling.concurrent.ThreadPoolTaskExecutor - Shutting down ExecutorService 'applicationTaskExecutor'
2019-09-07 17:06:04.234 [Thread-2] INFO  o.s.scheduling.concurrent.ThreadPoolTaskScheduler - Shutting down ExecutorService 'taskScheduler'
2019-09-07 17:06:04.237 [Thread-2] INFO  o.s.integration.monitor.IntegrationMBeanExporter - Summary on shutdown: nullChannel
2019-09-07 17:06:04.237 [Thread-2] INFO  o.s.integration.monitor.IntegrationMBeanExporter - Summary on shutdown: errorChannel
2019-09-07 17:06:04.238 [Thread-2] INFO  o.s.integration.monitor.IntegrationMBeanExporter - Summary on shutdown: destination-demo.anonymous.746898ff-0b6c-4ea5-8424-bf6bc85dbf07.errors
2019-09-07 17:06:04.238 [Thread-2] INFO  o.s.integration.monitor.IntegrationMBeanExporter - Summary on shutdown: refuel
2019-09-07 17:06:04.238 [Thread-2] INFO  o.s.integration.monitor.IntegrationMBeanExporter - Summary on shutdown: _org.springframework.integration.errorLogger.handler
2019-09-07 17:06:04.238 [Thread-2] INFO  o.s.integration.monitor.IntegrationMBeanExporter - Summary on shutdown: org.springframework.cloud.stream.binding.StreamListenerMessageHandler@62b06e7f
2019-09-07 17:06:19.670 [restartedMain] INFO  com.spaco.streaminput.StreamInputApplication - No active profile set, falling back to default profiles: default
2019-09-07 17:06:19.937 [restartedMain] INFO  o.springframework.cloud.context.scope.GenericScope - BeanFactory id=de89e7f2-6d6c-3163-aacf-077f321dfaec
2019-09-07 17:06:19.940 [restartedMain] INFO  o.s.i.c.DefaultConfiguringBeanFactoryPostProcessor - No bean named 'errorChannel' has been explicitly defined. Therefore, a default PublishSubscribeChannel will be created.
2019-09-07 17:06:19.940 [restartedMain] INFO  o.s.i.c.DefaultConfiguringBeanFactoryPostProcessor - No bean named 'taskScheduler' has been explicitly defined. Therefore, a default ThreadPoolTaskScheduler will be created.
2019-09-07 17:06:19.941 [restartedMain] INFO  o.s.i.c.DefaultConfiguringBeanFactoryPostProcessor - No bean named 'integrationHeaderChannelRegistry' has been explicitly defined. Therefore, a default DefaultHeaderChannelRegistry will be created.
2019-09-07 17:06:19.950 [restartedMain] INFO  o.s.c.s.PostProcessorRegistrationDelegate$BeanPostProcessorChecker - Bean 'org.springframework.kafka.annotation.KafkaBootstrapConfiguration' of type [org.springframework.kafka.annotation.KafkaBootstrapConfiguration$$EnhancerBySpringCGLIB$$8844fc4e] is not eligible for getting processed by all BeanPostProcessors (for example: not eligible for auto-proxying)
2019-09-07 17:06:19.952 [restartedMain] INFO  o.s.c.s.PostProcessorRegistrationDelegate$BeanPostProcessorChecker - Bean 'integrationDisposableAutoCreatedBeans' of type [org.springframework.integration.config.annotation.Disposables] is not eligible for getting processed by all BeanPostProcessors (for example: not eligible for auto-proxying)
2019-09-07 17:06:19.955 [restartedMain] INFO  o.s.c.s.PostProcessorRegistrationDelegate$BeanPostProcessorChecker - Bean 'org.springframework.transaction.annotation.ProxyTransactionManagementConfiguration' of type [org.springframework.transaction.annotation.ProxyTransactionManagementConfiguration$$EnhancerBySpringCGLIB$$b492eacb] is not eligible for getting processed by all BeanPostProcessors (for example: not eligible for auto-proxying)
2019-09-07 17:06:19.963 [restartedMain] INFO  o.s.c.s.PostProcessorRegistrationDelegate$BeanPostProcessorChecker - Bean 'org.springframework.integration.config.IntegrationManagementConfiguration' of type [org.springframework.integration.config.IntegrationManagementConfiguration$$EnhancerBySpringCGLIB$$1f84a5fa] is not eligible for getting processed by all BeanPostProcessors (for example: not eligible for auto-proxying)
2019-09-07 17:06:19.964 [restartedMain] INFO  o.s.c.s.PostProcessorRegistrationDelegate$BeanPostProcessorChecker - Bean 'org.springframework.boot.autoconfigure.integration.IntegrationAutoConfiguration$IntegrationJmxConfiguration' of type [org.springframework.boot.autoconfigure.integration.IntegrationAutoConfiguration$IntegrationJmxConfiguration$$EnhancerBySpringCGLIB$$fb16b11a] is not eligible for getting processed by all BeanPostProcessors (for example: not eligible for auto-proxying)
2019-09-07 17:06:19.964 [restartedMain] INFO  o.s.c.s.PostProcessorRegistrationDelegate$BeanPostProcessorChecker - Bean 'org.springframework.boot.autoconfigure.jmx.JmxAutoConfiguration' of type [org.springframework.boot.autoconfigure.jmx.JmxAutoConfiguration$$EnhancerBySpringCGLIB$$33fe59e7] is not eligible for getting processed by all BeanPostProcessors (for example: not eligible for auto-proxying)
2019-09-07 17:06:19.965 [restartedMain] INFO  o.s.c.s.PostProcessorRegistrationDelegate$BeanPostProcessorChecker - Bean 'mbeanServer' of type [com.sun.jmx.mbeanserver.JmxMBeanServer] is not eligible for getting processed by all BeanPostProcessors (for example: not eligible for auto-proxying)
2019-09-07 17:06:19.970 [restartedMain] INFO  o.s.c.s.PostProcessorRegistrationDelegate$BeanPostProcessorChecker - Bean 'org.springframework.cloud.autoconfigure.ConfigurationPropertiesRebinderAutoConfiguration' of type [org.springframework.cloud.autoconfigure.ConfigurationPropertiesRebinderAutoConfiguration$$EnhancerBySpringCGLIB$$d0acedc8] is not eligible for getting processed by all BeanPostProcessors (for example: not eligible for auto-proxying)
2019-09-07 17:06:20.040 [restartedMain] INFO  o.s.boot.web.embedded.tomcat.TomcatWebServer - Tomcat initialized with port(s): 8086 (http)
2019-09-07 17:06:20.043 [restartedMain] INFO  org.apache.catalina.core.StandardService - Starting service [Tomcat]
2019-09-07 17:06:20.043 [restartedMain] INFO  org.apache.catalina.core.StandardEngine - Starting Servlet engine: [Apache Tomcat/9.0.22]
2019-09-07 17:06:20.056 [restartedMain] INFO  o.a.c.core.ContainerBase.[Tomcat].[localhost].[/] - Initializing Spring embedded WebApplicationContext
2019-09-07 17:06:20.056 [restartedMain] INFO  org.springframework.web.context.ContextLoader - Root WebApplicationContext: initialization completed in 385 ms
2019-09-07 17:06:20.202 [restartedMain] INFO  o.s.scheduling.concurrent.ThreadPoolTaskScheduler - Initializing ExecutorService 'taskScheduler'
2019-09-07 17:06:20.399 [restartedMain] INFO  o.s.scheduling.concurrent.ThreadPoolTaskExecutor - Initializing ExecutorService 'applicationTaskExecutor'
2019-09-07 17:06:20.590 [restartedMain] WARN  o.s.b.d.autoconfigure.OptionalLiveReloadServer - Unable to start LiveReload server
2019-09-07 17:06:20.621 [restartedMain] INFO  o.s.cloud.function.web.mvc.FunctionHandlerMapping - FunctionCatalog: org.springframework.cloud.function.context.config.ContextFunctionCatalogAutoConfiguration$BeanFactoryFunctionCatalog@83c01ca
2019-09-07 17:06:20.652 [restartedMain] INFO  o.s.b.actuate.endpoint.web.EndpointLinksResolver - Exposing 2 endpoint(s) beneath base path '/actuator'
2019-09-07 17:06:20.686 [restartedMain] INFO  o.s.c.stream.messaging.DirectWithAttributesChannel - Channel 'application-1.refuel' has 1 subscriber(s).
2019-09-07 17:06:20.704 [restartedMain] INFO  o.s.integration.monitor.IntegrationMBeanExporter - Registering MessageChannel refuel
2019-09-07 17:06:20.708 [restartedMain] INFO  o.s.integration.monitor.IntegrationMBeanExporter - Registering MessageChannel errorChannel
2019-09-07 17:06:20.712 [restartedMain] INFO  o.s.integration.monitor.IntegrationMBeanExporter - Registering MessageChannel nullChannel
2019-09-07 17:06:20.718 [restartedMain] INFO  o.s.integration.monitor.IntegrationMBeanExporter - Registering MessageHandler errorLogger
2019-09-07 17:06:20.721 [restartedMain] INFO  o.s.integration.monitor.IntegrationMBeanExporter - Registering MessageHandler org.springframework.cloud.stream.binding.StreamListenerMessageHandler@21c113ff
2019-09-07 17:06:20.733 [restartedMain] INFO  o.s.integration.endpoint.EventDrivenConsumer - Adding {logging-channel-adapter:_org.springframework.integration.errorLogger} as a subscriber to the 'errorChannel' channel
2019-09-07 17:06:20.733 [restartedMain] INFO  o.s.integration.channel.PublishSubscribeChannel - Channel 'application-1.errorChannel' has 1 subscriber(s).
2019-09-07 17:06:20.733 [restartedMain] INFO  o.s.integration.endpoint.EventDrivenConsumer - started _org.springframework.integration.errorLogger
2019-09-07 17:06:55.902 [restartedMain] ERROR org.springframework.boot.SpringApplication - Application run failed
java.lang.IllegalStateException: org.springframework.context.annotation.AnnotationConfigApplicationContext@631952b4 has been closed already
	at org.springframework.context.support.AbstractApplicationContext.assertBeanFactoryActive(AbstractApplicationContext.java:1089)
	at org.springframework.context.support.AbstractApplicationContext.getBeanNamesForType(AbstractApplicationContext.java:1213)
	at org.springframework.cloud.bootstrap.BootstrapApplicationListener.getOrderedBeansOfType(BootstrapApplicationListener.java:329)
	at org.springframework.cloud.bootstrap.BootstrapApplicationListener.apply(BootstrapApplicationListener.java:305)
	at org.springframework.cloud.bootstrap.BootstrapApplicationListener.onApplicationEvent(BootstrapApplicationListener.java:120)
	at org.springframework.cloud.bootstrap.BootstrapApplicationListener.onApplicationEvent(BootstrapApplicationListener.java:71)
	at org.springframework.context.event.SimpleApplicationEventMulticaster.doInvokeListener(SimpleApplicationEventMulticaster.java:172)
	at org.springframework.context.event.SimpleApplicationEventMulticaster.invokeListener(SimpleApplicationEventMulticaster.java:165)
	at org.springframework.context.event.SimpleApplicationEventMulticaster.multicastEvent(SimpleApplicationEventMulticaster.java:139)
	at org.springframework.context.event.SimpleApplicationEventMulticaster.multicastEvent(SimpleApplicationEventMulticaster.java:127)
	at org.springframework.boot.context.event.EventPublishingRunListener.environmentPrepared(EventPublishingRunListener.java:76)
	at org.springframework.boot.SpringApplicationRunListeners.environmentPrepared(SpringApplicationRunListeners.java:53)
	at org.springframework.boot.SpringApplication.prepareEnvironment(SpringApplication.java:341)
	at org.springframework.boot.SpringApplication.run(SpringApplication.java:305)
	at org.springframework.boot.builder.SpringApplicationBuilder.run(SpringApplicationBuilder.java:140)
	at org.springframework.cloud.stream.binder.DefaultBinderFactory.getBinderInstance(DefaultBinderFactory.java:291)
	at org.springframework.cloud.stream.binder.DefaultBinderFactory.doGetBinder(DefaultBinderFactory.java:159)
	at org.springframework.cloud.stream.binder.DefaultBinderFactory.getBinder(DefaultBinderFactory.java:130)
	at org.springframework.cloud.stream.binding.BindingService.getBinder(BindingService.java:337)
	at org.springframework.cloud.stream.binding.BindingService.bindConsumer(BindingService.java:92)
	at org.springframework.cloud.stream.binding.BindableProxyFactory.createAndBindInputs(BindableProxyFactory.java:254)
	at org.springframework.cloud.stream.binding.InputBindingLifecycle.doStartWithBindable(InputBindingLifecycle.java:58)
	at java.util.LinkedHashMap$LinkedValues.forEach(LinkedHashMap.java:608)
	at org.springframework.cloud.stream.binding.AbstractBindingLifecycle.start(AbstractBindingLifecycle.java:48)
	at org.springframework.cloud.stream.binding.InputBindingLifecycle.start(InputBindingLifecycle.java:34)
	at org.springframework.context.support.DefaultLifecycleProcessor.doStart(DefaultLifecycleProcessor.java:182)
	at org.springframework.context.support.DefaultLifecycleProcessor.access$200(DefaultLifecycleProcessor.java:53)
	at org.springframework.context.support.DefaultLifecycleProcessor$LifecycleGroup.start(DefaultLifecycleProcessor.java:360)
	at org.springframework.context.support.DefaultLifecycleProcessor.startBeans(DefaultLifecycleProcessor.java:158)
	at org.springframework.context.support.DefaultLifecycleProcessor.onRefresh(DefaultLifecycleProcessor.java:122)
	at org.springframework.context.support.AbstractApplicationContext.finishRefresh(AbstractApplicationContext.java:893)
	at org.springframework.boot.web.servlet.context.ServletWebServerApplicationContext.finishRefresh(ServletWebServerApplicationContext.java:162)
	at org.springframework.context.support.AbstractApplicationContext.refresh(AbstractApplicationContext.java:552)
	at org.springframework.boot.web.servlet.context.ServletWebServerApplicationContext.refresh(ServletWebServerApplicationContext.java:141)
	at org.springframework.boot.SpringApplication.refresh(SpringApplication.java:743)
	at org.springframework.boot.SpringApplication.refreshContext(SpringApplication.java:390)
	at org.springframework.boot.SpringApplication.run(SpringApplication.java:312)
	at org.springframework.boot.SpringApplication.run(SpringApplication.java:1214)
	at org.springframework.boot.SpringApplication.run(SpringApplication.java:1203)
	at com.spaco.streaminput.StreamInputApplication.main(StreamInputApplication.java:10)
	at sun.reflect.NativeMethodAccessorImpl.invoke0(Native Method)
	at sun.reflect.NativeMethodAccessorImpl.invoke(NativeMethodAccessorImpl.java:62)
	at sun.reflect.DelegatingMethodAccessorImpl.invoke(DelegatingMethodAccessorImpl.java:43)
	at java.lang.reflect.Method.invoke(Method.java:498)
	at org.springframework.boot.devtools.restart.RestartLauncher.run(RestartLauncher.java:49)
2019-09-07 17:06:55.903 [restartedMain] WARN  o.s.b.w.s.c.AnnotationConfigServletWebServerApplicationContext - Exception encountered during context initialization - cancelling refresh attempt: org.springframework.context.ApplicationContextException: Failed to start bean 'inputBindingLifecycle'; nested exception is java.lang.IllegalStateException: org.springframework.context.annotation.AnnotationConfigApplicationContext@631952b4 has been closed already
2019-09-07 17:06:55.904 [restartedMain] INFO  o.s.scheduling.concurrent.ThreadPoolTaskExecutor - Shutting down ExecutorService 'applicationTaskExecutor'
2019-09-07 17:06:55.904 [restartedMain] INFO  o.s.scheduling.concurrent.ThreadPoolTaskScheduler - Shutting down ExecutorService 'taskScheduler'
2019-09-07 17:06:55.905 [restartedMain] INFO  o.s.integration.monitor.IntegrationMBeanExporter - Summary on shutdown: refuel
2019-09-07 17:06:55.905 [restartedMain] INFO  o.s.integration.monitor.IntegrationMBeanExporter - Summary on shutdown: errorChannel
2019-09-07 17:06:55.905 [restartedMain] INFO  o.s.integration.monitor.IntegrationMBeanExporter - Summary on shutdown: nullChannel
2019-09-07 17:06:55.905 [restartedMain] INFO  o.s.integration.monitor.IntegrationMBeanExporter - Summary on shutdown: _org.springframework.integration.errorLogger.handler
2019-09-07 17:06:55.905 [restartedMain] INFO  o.s.integration.monitor.IntegrationMBeanExporter - Summary on shutdown: org.springframework.cloud.stream.binding.StreamListenerMessageHandler@21c113ff
2019-09-07 17:06:55.911 [restartedMain] INFO  o.s.b.a.l.ConditionEvaluationReportLoggingListener - 

Error starting ApplicationContext. To display the conditions report re-run your application with 'debug' enabled.
2019-09-07 17:06:55.915 [restartedMain] ERROR org.springframework.boot.SpringApplication - Application run failed
org.springframework.context.ApplicationContextException: Failed to start bean 'inputBindingLifecycle'; nested exception is java.lang.IllegalStateException: org.springframework.context.annotation.AnnotationConfigApplicationContext@631952b4 has been closed already
	at org.springframework.context.support.DefaultLifecycleProcessor.doStart(DefaultLifecycleProcessor.java:185)
	at org.springframework.context.support.DefaultLifecycleProcessor.access$200(DefaultLifecycleProcessor.java:53)
	at org.springframework.context.support.DefaultLifecycleProcessor$LifecycleGroup.start(DefaultLifecycleProcessor.java:360)
	at org.springframework.context.support.DefaultLifecycleProcessor.startBeans(DefaultLifecycleProcessor.java:158)
	at org.springframework.context.support.DefaultLifecycleProcessor.onRefresh(DefaultLifecycleProcessor.java:122)
	at org.springframework.context.support.AbstractApplicationContext.finishRefresh(AbstractApplicationContext.java:893)
	at org.springframework.boot.web.servlet.context.ServletWebServerApplicationContext.finishRefresh(ServletWebServerApplicationContext.java:162)
	at org.springframework.context.support.AbstractApplicationContext.refresh(AbstractApplicationContext.java:552)
	at org.springframework.boot.web.servlet.context.ServletWebServerApplicationContext.refresh(ServletWebServerApplicationContext.java:141)
	at org.springframework.boot.SpringApplication.refresh(SpringApplication.java:743)
	at org.springframework.boot.SpringApplication.refreshContext(SpringApplication.java:390)
	at org.springframework.boot.SpringApplication.run(SpringApplication.java:312)
	at org.springframework.boot.SpringApplication.run(SpringApplication.java:1214)
	at org.springframework.boot.SpringApplication.run(SpringApplication.java:1203)
	at com.spaco.streaminput.StreamInputApplication.main(StreamInputApplication.java:10)
	at sun.reflect.NativeMethodAccessorImpl.invoke0(Native Method)
	at sun.reflect.NativeMethodAccessorImpl.invoke(NativeMethodAccessorImpl.java:62)
	at sun.reflect.DelegatingMethodAccessorImpl.invoke(DelegatingMethodAccessorImpl.java:43)
	at java.lang.reflect.Method.invoke(Method.java:498)
	at org.springframework.boot.devtools.restart.RestartLauncher.run(RestartLauncher.java:49)
Caused by: java.lang.IllegalStateException: org.springframework.context.annotation.AnnotationConfigApplicationContext@631952b4 has been closed already
	at org.springframework.context.support.AbstractApplicationContext.assertBeanFactoryActive(AbstractApplicationContext.java:1089)
	at org.springframework.context.support.AbstractApplicationContext.getBeanNamesForType(AbstractApplicationContext.java:1213)
	at org.springframework.cloud.bootstrap.BootstrapApplicationListener.getOrderedBeansOfType(BootstrapApplicationListener.java:329)
	at org.springframework.cloud.bootstrap.BootstrapApplicationListener.apply(BootstrapApplicationListener.java:305)
	at org.springframework.cloud.bootstrap.BootstrapApplicationListener.onApplicationEvent(BootstrapApplicationListener.java:120)
	at org.springframework.cloud.bootstrap.BootstrapApplicationListener.onApplicationEvent(BootstrapApplicationListener.java:71)
	at org.springframework.context.event.SimpleApplicationEventMulticaster.doInvokeListener(SimpleApplicationEventMulticaster.java:172)
	at org.springframework.context.event.SimpleApplicationEventMulticaster.invokeListener(SimpleApplicationEventMulticaster.java:165)
	at org.springframework.context.event.SimpleApplicationEventMulticaster.multicastEvent(SimpleApplicationEventMulticaster.java:139)
	at org.springframework.context.event.SimpleApplicationEventMulticaster.multicastEvent(SimpleApplicationEventMulticaster.java:127)
	at org.springframework.boot.context.event.EventPublishingRunListener.environmentPrepared(EventPublishingRunListener.java:76)
	at org.springframework.boot.SpringApplicationRunListeners.environmentPrepared(SpringApplicationRunListeners.java:53)
	at org.springframework.boot.SpringApplication.prepareEnvironment(SpringApplication.java:341)
	at org.springframework.boot.SpringApplication.run(SpringApplication.java:305)
	at org.springframework.boot.builder.SpringApplicationBuilder.run(SpringApplicationBuilder.java:140)
	at org.springframework.cloud.stream.binder.DefaultBinderFactory.getBinderInstance(DefaultBinderFactory.java:291)
	at org.springframework.cloud.stream.binder.DefaultBinderFactory.doGetBinder(DefaultBinderFactory.java:159)
	at org.springframework.cloud.stream.binder.DefaultBinderFactory.getBinder(DefaultBinderFactory.java:130)
	at org.springframework.cloud.stream.binding.BindingService.getBinder(BindingService.java:337)
	at org.springframework.cloud.stream.binding.BindingService.bindConsumer(BindingService.java:92)
	at org.springframework.cloud.stream.binding.BindableProxyFactory.createAndBindInputs(BindableProxyFactory.java:254)
	at org.springframework.cloud.stream.binding.InputBindingLifecycle.doStartWithBindable(InputBindingLifecycle.java:58)
	at java.util.LinkedHashMap$LinkedValues.forEach(LinkedHashMap.java:608)
	at org.springframework.cloud.stream.binding.AbstractBindingLifecycle.start(AbstractBindingLifecycle.java:48)
	at org.springframework.cloud.stream.binding.InputBindingLifecycle.start(InputBindingLifecycle.java:34)
	at org.springframework.context.support.DefaultLifecycleProcessor.doStart(DefaultLifecycleProcessor.java:182)
	... 19 common frames omitted
2019-09-07 17:07:05.892 [restartedMain] INFO  com.spaco.streaminput.StreamInputApplication - No active profile set, falling back to default profiles: default
2019-09-07 17:07:06.105 [restartedMain] INFO  o.springframework.cloud.context.scope.GenericScope - BeanFactory id=d658ceec-f438-3274-aeae-a699748894b1
2019-09-07 17:07:06.107 [restartedMain] INFO  o.s.i.c.DefaultConfiguringBeanFactoryPostProcessor - No bean named 'errorChannel' has been explicitly defined. Therefore, a default PublishSubscribeChannel will be created.
2019-09-07 17:07:06.107 [restartedMain] INFO  o.s.i.c.DefaultConfiguringBeanFactoryPostProcessor - No bean named 'taskScheduler' has been explicitly defined. Therefore, a default ThreadPoolTaskScheduler will be created.
2019-09-07 17:07:06.108 [restartedMain] INFO  o.s.i.c.DefaultConfiguringBeanFactoryPostProcessor - No bean named 'integrationHeaderChannelRegistry' has been explicitly defined. Therefore, a default DefaultHeaderChannelRegistry will be created.
2019-09-07 17:07:06.113 [restartedMain] INFO  o.s.c.s.PostProcessorRegistrationDelegate$BeanPostProcessorChecker - Bean 'org.springframework.kafka.annotation.KafkaBootstrapConfiguration' of type [org.springframework.kafka.annotation.KafkaBootstrapConfiguration$$EnhancerBySpringCGLIB$$8844fc4e] is not eligible for getting processed by all BeanPostProcessors (for example: not eligible for auto-proxying)
2019-09-07 17:07:06.114 [restartedMain] INFO  o.s.c.s.PostProcessorRegistrationDelegate$BeanPostProcessorChecker - Bean 'org.springframework.integration.config.IntegrationManagementConfiguration' of type [org.springframework.integration.config.IntegrationManagementConfiguration$$EnhancerBySpringCGLIB$$1f84a5fa] is not eligible for getting processed by all BeanPostProcessors (for example: not eligible for auto-proxying)
2019-09-07 17:07:06.117 [restartedMain] INFO  o.s.c.s.PostProcessorRegistrationDelegate$BeanPostProcessorChecker - Bean 'org.springframework.transaction.annotation.ProxyTransactionManagementConfiguration' of type [org.springframework.transaction.annotation.ProxyTransactionManagementConfiguration$$EnhancerBySpringCGLIB$$b492eacb] is not eligible for getting processed by all BeanPostProcessors (for example: not eligible for auto-proxying)
2019-09-07 17:07:06.118 [restartedMain] INFO  o.s.c.s.PostProcessorRegistrationDelegate$BeanPostProcessorChecker - Bean 'org.springframework.boot.autoconfigure.integration.IntegrationAutoConfiguration$IntegrationJmxConfiguration' of type [org.springframework.boot.autoconfigure.integration.IntegrationAutoConfiguration$IntegrationJmxConfiguration$$EnhancerBySpringCGLIB$$fb16b11a] is not eligible for getting processed by all BeanPostProcessors (for example: not eligible for auto-proxying)
2019-09-07 17:07:06.118 [restartedMain] INFO  o.s.c.s.PostProcessorRegistrationDelegate$BeanPostProcessorChecker - Bean 'org.springframework.boot.autoconfigure.jmx.JmxAutoConfiguration' of type [org.springframework.boot.autoconfigure.jmx.JmxAutoConfiguration$$EnhancerBySpringCGLIB$$33fe59e7] is not eligible for getting processed by all BeanPostProcessors (for example: not eligible for auto-proxying)
2019-09-07 17:07:06.119 [restartedMain] INFO  o.s.c.s.PostProcessorRegistrationDelegate$BeanPostProcessorChecker - Bean 'mbeanServer' of type [com.sun.jmx.mbeanserver.JmxMBeanServer] is not eligible for getting processed by all BeanPostProcessors (for example: not eligible for auto-proxying)
2019-09-07 17:07:06.122 [restartedMain] INFO  o.s.c.s.PostProcessorRegistrationDelegate$BeanPostProcessorChecker - Bean 'integrationDisposableAutoCreatedBeans' of type [org.springframework.integration.config.annotation.Disposables] is not eligible for getting processed by all BeanPostProcessors (for example: not eligible for auto-proxying)
2019-09-07 17:07:06.128 [restartedMain] INFO  o.s.c.s.PostProcessorRegistrationDelegate$BeanPostProcessorChecker - Bean 'org.springframework.cloud.autoconfigure.ConfigurationPropertiesRebinderAutoConfiguration' of type [org.springframework.cloud.autoconfigure.ConfigurationPropertiesRebinderAutoConfiguration$$EnhancerBySpringCGLIB$$d0acedc8] is not eligible for getting processed by all BeanPostProcessors (for example: not eligible for auto-proxying)
2019-09-07 17:07:06.179 [restartedMain] INFO  o.s.boot.web.embedded.tomcat.TomcatWebServer - Tomcat initialized with port(s): 8086 (http)
2019-09-07 17:07:06.184 [restartedMain] INFO  org.springframework.web.context.ContextLoader - Root WebApplicationContext: initialization completed in 285 ms
2019-09-07 17:07:06.371 [restartedMain] INFO  o.s.scheduling.concurrent.ThreadPoolTaskExecutor - Initializing ExecutorService 'applicationTaskExecutor'
2019-09-07 17:07:06.509 [restartedMain] WARN  o.s.b.d.autoconfigure.OptionalLiveReloadServer - Unable to start LiveReload server
2019-09-07 17:07:06.535 [restartedMain] INFO  o.s.cloud.function.web.mvc.FunctionHandlerMapping - FunctionCatalog: org.springframework.cloud.function.context.config.ContextFunctionCatalogAutoConfiguration$BeanFactoryFunctionCatalog@5793768
2019-09-07 17:07:06.543 [restartedMain] INFO  o.s.b.actuate.endpoint.web.EndpointLinksResolver - Exposing 2 endpoint(s) beneath base path '/actuator'
2019-09-07 17:07:06.567 [restartedMain] INFO  o.s.scheduling.concurrent.ThreadPoolTaskScheduler - Initializing ExecutorService 'taskScheduler'
2019-09-07 17:07:06.599 [restartedMain] INFO  o.s.integration.monitor.IntegrationMBeanExporter - Registering MessageChannel nullChannel
2019-09-07 17:07:06.602 [restartedMain] INFO  o.s.integration.monitor.IntegrationMBeanExporter - Registering MessageChannel errorChannel
2019-09-07 17:07:06.608 [restartedMain] INFO  o.s.integration.monitor.IntegrationMBeanExporter - Registering MessageHandler errorLogger
2019-09-07 17:07:06.618 [restartedMain] INFO  o.s.integration.endpoint.EventDrivenConsumer - Adding {logging-channel-adapter:_org.springframework.integration.errorLogger} as a subscriber to the 'errorChannel' channel
2019-09-07 17:07:06.618 [restartedMain] INFO  o.s.integration.channel.PublishSubscribeChannel - Channel 'application-1.errorChannel' has 1 subscriber(s).
2019-09-07 17:07:06.618 [restartedMain] INFO  o.s.integration.endpoint.EventDrivenConsumer - started _org.springframework.integration.errorLogger
2019-09-07 17:07:06.630 [restartedMain] INFO  o.s.boot.web.embedded.tomcat.TomcatWebServer - Tomcat started on port(s): 8086 (http) with context path ''
2019-09-07 17:07:06.630 [restartedMain] INFO  com.spaco.streaminput.StreamInputApplication - Started StreamInputApplication in 22.295 seconds (JVM running for 1009.105)
2019-09-07 17:07:06.634 [restartedMain] INFO  o.s.b.d.a.ConditionEvaluationDeltaLoggingListener - Condition evaluation delta:


==========================
CONDITION EVALUATION DELTA
==========================


Positive matches:
-----------------

    None


Negative matches:
-----------------

   BindersHealthIndicatorAutoConfiguration:
      Did not match:
         - @ConditionalOnBean (types: org.springframework.cloud.stream.binder.BinderFactory; SearchStrategy: all) did not find any beans of type org.springframework.cloud.stream.binder.BinderFactory (OnBeanCondition)
      Matched:
         - @ConditionalOnClass found required class 'org.springframework.boot.actuate.health.HealthIndicator' (OnClassCondition)
         - @ConditionalOnEnabledHealthIndicator management.health.defaults.enabled is considered true (OnEnabledHealthIndicatorCondition)

   BindingServiceConfiguration:
      Did not match:
         - @ConditionalOnBean (types: org.springframework.cloud.stream.binder.BinderTypeRegistry; SearchStrategy: current) did not find any beans of type org.springframework.cloud.stream.binder.BinderTypeRegistry (OnBeanCondition)

   BindingsEndpointAutoConfiguration:
      Did not match:
         - @ConditionalOnBean (types: org.springframework.cloud.stream.binding.BindingService; SearchStrategy: all) did not find any beans of type org.springframework.cloud.stream.binding.BindingService (OnBeanCondition)
      Matched:
         - @ConditionalOnClass found required class 'org.springframework.boot.actuate.endpoint.annotation.Endpoint' (OnClassCondition)

   ChannelBindingAutoConfiguration:
      Did not match:
         - @ConditionalOnBean (types: org.springframework.cloud.stream.binding.BindingService; SearchStrategy: all) did not find any beans of type org.springframework.cloud.stream.binding.BindingService (OnBeanCondition)

   ChannelsEndpointAutoConfiguration:
      Did not match:
         - @ConditionalOnBean (types: org.springframework.cloud.stream.binding.BindingService; SearchStrategy: all) did not find any beans of type org.springframework.cloud.stream.binding.BindingService (OnBeanCondition)
      Matched:
         - @ConditionalOnClass found required class 'org.springframework.boot.actuate.endpoint.annotation.Endpoint' (OnClassCondition)

   KafkaStreamsBinderSupportAutoConfiguration:
      Did not match:
         - @ConditionalOnBean (types: org.springframework.cloud.stream.binding.BindingService; SearchStrategy: all) did not find any beans of type org.springframework.cloud.stream.binding.BindingService (OnBeanCondition)


Exclusions:
-----------

    None


Unconditional classes:
----------------------

    None



2019-09-07 17:08:33.463 [Thread-157] INFO  o.s.integration.endpoint.EventDrivenConsumer - Removing {logging-channel-adapter:_org.springframework.integration.errorLogger} as a subscriber to the 'errorChannel' channel
2019-09-07 17:08:33.463 [Thread-157] INFO  o.s.integration.channel.PublishSubscribeChannel - Channel 'application-1.errorChannel' has 0 subscriber(s).
2019-09-07 17:08:33.463 [Thread-157] INFO  o.s.integration.endpoint.EventDrivenConsumer - stopped _org.springframework.integration.errorLogger
2019-09-07 17:08:33.464 [Thread-157] INFO  o.s.scheduling.concurrent.ThreadPoolTaskScheduler - Shutting down ExecutorService 'taskScheduler'
2019-09-07 17:08:33.464 [Thread-157] INFO  o.s.scheduling.concurrent.ThreadPoolTaskExecutor - Shutting down ExecutorService 'applicationTaskExecutor'
2019-09-07 17:08:33.465 [Thread-157] INFO  o.s.integration.monitor.IntegrationMBeanExporter - Summary on shutdown: nullChannel
2019-09-07 17:08:33.465 [Thread-157] INFO  o.s.integration.monitor.IntegrationMBeanExporter - Summary on shutdown: errorChannel
2019-09-07 17:08:33.465 [Thread-157] INFO  o.s.integration.monitor.IntegrationMBeanExporter - Summary on shutdown: _org.springframework.integration.errorLogger.handler
